2023-12-21 17:19:33,977 Generated new state TJyV4Hmqbj9HgbSkfpUUMoVXSZgfqI.
2023-12-21 17:19:34,475 "GET /?state=TJyV4Hmqbj9HgbSkfpUUMoVXSZgfqI&code=4%2F0AfJohXn1j-kIaIHYeC5To2rU7hNFtNFXor24T8baus8kb_joGD3ocZVs72sUOuQIDpRU1Q&scope=https%3A%2F%2Fwww.googleapis.com%2Fauth%2Fgmail.send HTTP/1.1" 200 65
2023-12-21 17:19:34,476 Encoding `client_id` "922937360291-egucfohkeer2u92opvkgg5bb835vltm0.apps.googleusercontent.com" with `client_secret` as Basic auth credentials.
2023-12-21 17:19:34,476 Requesting url https://oauth2.googleapis.com/token using method POST.
2023-12-21 17:19:34,476 Supplying headers {'Accept': 'application/json', 'Content-Type': 'application/x-www-form-urlencoded;charset=UTF-8'} and data {'grant_type': 'authorization_code', 'code': '4/0AfJohXn1j-kIaIHYeC5To2rU7hNFtNFXor24T8baus8kb_joGD3ocZVs72sUOuQIDpRU1Q', 'redirect_uri': 'http://localhost:4200/'}
2023-12-21 17:19:34,476 Passing through key word arguments {'timeout': None, 'auth': <requests.auth.HTTPBasicAuth object at 0x1004a8f10>, 'verify': True, 'proxies': None, 'cert': None}.
2023-12-21 17:19:34,483 Starting new HTTPS connection (1): oauth2.googleapis.com:443
2023-12-21 17:19:34,950 https://oauth2.googleapis.com:443 "POST /token HTTP/1.1" 200 None
2023-12-21 17:19:34,950 Request to fetch token completed with status 200.
2023-12-21 17:19:34,951 Request url was https://oauth2.googleapis.com/token
2023-12-21 17:19:34,951 Request headers were {'User-Agent': 'python-requests/2.31.0', 'Accept-Encoding': 'gzip, deflate', 'Accept': 'application/json', 'Connection': 'keep-alive', 'Content-Type': 'application/x-www-form-urlencoded;charset=UTF-8', 'Content-Length': '156', 'Authorization': 'Basic OTIyOTM3MzYwMjkxLWVndWNmb2hrZWVyMnU5Mm9wdmtnZzViYjgzNXZsdG0wLmFwcHMuZ29vZ2xldXNlcmNvbnRlbnQuY29tOkdPQ1NQWC1UUmhfMXVvMWdPNVdyQVlsalpmczBJT3dLTWFY'}
2023-12-21 17:19:34,951 Request body was grant_type=authorization_code&code=4%2F0AfJohXn1j-kIaIHYeC5To2rU7hNFtNFXor24T8baus8kb_joGD3ocZVs72sUOuQIDpRU1Q&redirect_uri=http%3A%2F%2Flocalhost%3A4200%2F
2023-12-21 17:19:34,951 Response headers were {'Cache-Control': 'no-cache, no-store, max-age=0, must-revalidate', 'Expires': 'Mon, 01 Jan 1990 00:00:00 GMT', 'Date': 'Thu, 21 Dec 2023 22:19:35 GMT', 'Pragma': 'no-cache', 'Content-Type': 'application/json; charset=utf-8', 'Vary': 'Origin, X-Origin, Referer', 'Content-Encoding': 'gzip', 'Server': 'scaffolding on HTTPServer2', 'X-XSS-Protection': '0', 'X-Frame-Options': 'SAMEORIGIN', 'X-Content-Type-Options': 'nosniff', 'Alt-Svc': 'h3=":443"; ma=2592000,h3-29=":443"; ma=2592000', 'Transfer-Encoding': 'chunked'} and content {
  "access_token": "ya29.a0AfB_byD7gaqdHfHg-vhzsBZEVxBaHfvbJV-nQ2GL6vLMg4kWQ19vkChiLac9bR326OL-Iv6W8e7uLDn0R4_Bt8JUEb2rZHHm8TgIcrNYiMQXM-MPOp163CIW1aowB8x_wa2z5IP_EVWH5Nubi0A5g-rmSciligHMrpUaCgYKAUkSARISFQHGX2Mi9_Bg_miZrLIjbpizttSHRw0170",
  "expires_in": 3599,
  "scope": "https://www.googleapis.com/auth/gmail.send",
  "token_type": "Bearer"
}.
2023-12-21 17:19:34,951 Invoking 0 token response hooks.
2023-12-21 17:19:34,951 Obtained token {'access_token': 'ya29.a0AfB_byD7gaqdHfHg-vhzsBZEVxBaHfvbJV-nQ2GL6vLMg4kWQ19vkChiLac9bR326OL-Iv6W8e7uLDn0R4_Bt8JUEb2rZHHm8TgIcrNYiMQXM-MPOp163CIW1aowB8x_wa2z5IP_EVWH5Nubi0A5g-rmSciligHMrpUaCgYKAUkSARISFQHGX2Mi9_Bg_miZrLIjbpizttSHRw0170', 'expires_in': 3599, 'scope': ['https://www.googleapis.com/auth/gmail.send'], 'token_type': 'Bearer', 'expires_at': 1703200773.951206}.
2023-12-21 17:19:34,955 file_cache is only supported with oauth2client<4.0.0
2023-12-21 17:19:34,960 URL being requested: POST https://gmail.googleapis.com/gmail/v1/users/me/messages/send?alt=json
